<?xml version="1.0" encoding="utf-8"?><testsuites name="pytest tests"><testsuite name="pytest" errors="0" failures="0" skipped="0" tests="7" time="1.252" timestamp="2026-07-19T12:42:21.831425+00:00" hostname="agent-env-260f135d-3151-442a-bbde-89f65792a53c"><testcase classname="tests.backend_test.TestLeadsCRUD" name="test_create_lead_valid_and_persist" time="0.326" /><testcase classname="tests.backend_test.TestConfig" name="test_config_returns_google_form_flag" time="0.396" /><testcase classname="tests.backend_test.TestLeadsCRUD" name="test_create_lead_with_plus91_prefix" time="0.032" /><testcase classname="tests.backend_test.TestLeadsCRUD" name="test_create_lead_invalid_phone" time="0.074" /><testcase classname="tests.backend_test.TestBrochure" name="test_brochure_pdf_download" time="0.082" /><testcase classname="tests.backend_test.TestLeadsCRUD" name="test_create_lead_invalid_email" time="0.031" /><testcase classname="tests.backend_test.TestLeadsCRUD" name="test_honeypot_silently_drops_spam" time="0.222" /></testsuite></testsuites>